DEPRECATION WARNING: ActionController::AbstractRequest and ActionController::Request are deprecated and will be removed, use ActionDispatch::Request instead. (called from <top (required)> at /Users/sboucher/Dropbox/dev/rails/rails-angular-bootstrap-seed/config/initializers/rails_footnotes.rb:2)
DEPRECATION WARNING: ActionController::AbstractResponse and ActionController::Response are deprecated and will be removed, use ActionDispatch::Response instead. (called from <top (required)> at /Users/sboucher/Dropbox/dev/rails/rails-angular-bootstrap-seed/config/initializers/rails_footnotes.rb:2)
DEPRECATION WARNING: ActionController::Routing is deprecated and will be removed, use ActionDispatch::Routing instead. (called from <top (required)> at /Users/sboucher/Dropbox/dev/rails/rails-angular-bootstrap-seed/config/initializers/rails_footnotes.rb:2)
DEPRECATION WARNING: Filter object with #filter method is deprecated. Define method corresponding to filter type (#before, #after or #around). (called from <top (required)> at /Users/sboucher/Dropbox/dev/rails/rails-angular-bootstrap-seed/config/initializers/rails_footnotes.rb:2)
DEPRECATION WARNING: Filter object with #filter method is deprecated. Define method corresponding to filter type (#before, #after or #around). (called from <top (required)> at /Users/sboucher/Dropbox/dev/rails/rails-angular-bootstrap-seed/config/initializers/rails_footnotes.rb:2)
DEPRECATION WARNING: ActionController::AbstractRequest and ActionController::Request are deprecated and will be removed, use ActionDispatch::Request instead. (called from <top (required)> at /Users/sboucher/Dropbox/dev/rails/rails-angular-bootstrap-seed/config/initializers/rails_footnotes.rb:2)
DEPRECATION WARNING: ActionController::AbstractResponse and ActionController::Response are deprecated and will be removed, use ActionDispatch::Response instead. (called from <top (required)> at /Users/sboucher/Dropbox/dev/rails/rails-angular-bootstrap-seed/config/initializers/rails_footnotes.rb:2)
DEPRECATION WARNING: ActionController::Routing is deprecated and will be removed, use ActionDispatch::Routing instead. (called from <top (required)> at /Users/sboucher/Dropbox/dev/rails/rails-angular-bootstrap-seed/config/initializers/rails_footnotes.rb:2)
DEPRECATION WARNING: Filter object with #filter method is deprecated. Define method corresponding to filter type (#before, #after or #around). (called from <top (required)> at /Users/sboucher/Dropbox/dev/rails/rails-angular-bootstrap-seed/config/initializers/rails_footnotes.rb:2)
DEPRECATION WARNING: Filter object with #filter method is deprecated. Define method corresponding to filter type (#before, #after or #around). (called from <top (required)> at /Users/sboucher/Dropbox/dev/rails/rails-angular-bootstrap-seed/config/initializers/rails_footnotes.rb:2)


Started GET "/" for 127.0.0.1 at 2013-05-24 15:42:35 +0200

PG::Error (FATAL:  database "rails_angular_bootstrap_seed_dev" does not exist
):
  <a href="txmt://open?url=file:///Users/sboucher/.rvm/gems/ruby-2.0.0-p0@rab-seed/gems/activerecord-4.0.0.rc1/lib/active_record/connection_adapters/postgresql_adapter.rb&amp;line=796&amp;column=1">/gems/activerecord-4.0.0.rc1/lib/active_record/connection_adapters/postgresql_adapter.rb:796:in `initialize'</a>
  <a href="txmt://open?url=file:///Users/sboucher/.rvm/gems/ruby-2.0.0-p0@rab-seed/gems/activerecord-4.0.0.rc1/lib/active_record/connection_adapters/postgresql_adapter.rb&amp;line=796&amp;column=1">/gems/activerecord-4.0.0.rc1/lib/active_record/connection_adapters/postgresql_adapter.rb:796:in `new'</a>
  <a href="txmt://open?url=file:///Users/sboucher/.rvm/gems/ruby-2.0.0-p0@rab-seed/gems/activerecord-4.0.0.rc1/lib/active_record/connection_adapters/postgresql_adapter.rb&amp;line=796&amp;column=1">/gems/activerecord-4.0.0.rc1/lib/active_record/connection_adapters/postgresql_adapter.rb:796:in `connect'</a>
  <a href="txmt://open?url=file:///Users/sboucher/.rvm/gems/ruby-2.0.0-p0@rab-seed/gems/activerecord-4.0.0.rc1/lib/active_record/connection_adapters/postgresql_adapter.rb&amp;line=513&amp;column=1">/gems/activerecord-4.0.0.rc1/lib/active_record/connection_adapters/postgresql_adapter.rb:513:in `initialize'</a>
  <a href="txmt://open?url=file:///Users/sboucher/.rvm/gems/ruby-2.0.0-p0@rab-seed/gems/activerecord-4.0.0.rc1/lib/active_record/connection_adapters/postgresql_adapter.rb&amp;line=41&amp;column=1">/gems/activerecord-4.0.0.rc1/lib/active_record/connection_adapters/postgresql_adapter.rb:41:in `new'</a>
  <a href="txmt://open?url=file:///Users/sboucher/.rvm/gems/ruby-2.0.0-p0@rab-seed/gems/activerecord-4.0.0.rc1/lib/active_record/connection_adapters/postgresql_adapter.rb&amp;line=41&amp;column=1">/gems/activerecord-4.0.0.rc1/lib/active_record/connection_adapters/postgresql_adapter.rb:41:in `postgresql_connection'</a>
  <a href="txmt://open?url=file:///Users/sboucher/.rvm/gems/ruby-2.0.0-p0@rab-seed/gems/activerecord-4.0.0.rc1/lib/active_record/connection_adapters/abstract/connection_pool.rb&amp;line=440&amp;column=1">/gems/activerecord-4.0.0.rc1/lib/active_record/connection_adapters/abstract/connection_pool.rb:440:in `new_connection'</a>
  <a href="txmt://open?url=file:///Users/sboucher/.rvm/gems/ruby-2.0.0-p0@rab-seed/gems/activerecord-4.0.0.rc1/lib/active_record/connection_adapters/abstract/connection_pool.rb&amp;line=450&amp;column=1">/gems/activerecord-4.0.0.rc1/lib/active_record/connection_adapters/abstract/connection_pool.rb:450:in `checkout_new_connection'</a>
  <a href="txmt://open?url=file:///Users/sboucher/.rvm/gems/ruby-2.0.0-p0@rab-seed/gems/activerecord-4.0.0.rc1/lib/active_record/connection_adapters/abstract/connection_pool.rb&amp;line=421&amp;column=1">/gems/activerecord-4.0.0.rc1/lib/active_record/connection_adapters/abstract/connection_pool.rb:421:in `acquire_connection'</a>
  <a href="txmt://open?url=file:///Users/sboucher/.rvm/gems/ruby-2.0.0-p0@rab-seed/gems/activerecord-4.0.0.rc1/lib/active_record/connection_adapters/abstract/connection_pool.rb&amp;line=356&amp;column=1">/gems/activerecord-4.0.0.rc1/lib/active_record/connection_adapters/abstract/connection_pool.rb:356:in `block in checkout'</a>
  <a href="txmt://open?url=file:///Users/sboucher/.rvm/rubies/ruby-2.0.0-p0/lib/ruby/2.0.0/monitor.rb&amp;line=211&amp;column=1">/Users/sboucher/.rvm/rubies/ruby-2.0.0-p0/lib/ruby/2.0.0/monitor.rb:211:in `mon_synchronize'</a>
  <a href="txmt://open?url=file:///Users/sboucher/.rvm/gems/ruby-2.0.0-p0@rab-seed/gems/activerecord-4.0.0.rc1/lib/active_record/connection_adapters/abstract/connection_pool.rb&amp;line=355&amp;column=1">/gems/activerecord-4.0.0.rc1/lib/active_record/connection_adapters/abstract/connection_pool.rb:355:in `checkout'</a>
  <a href="txmt://open?url=file:///Users/sboucher/.rvm/gems/ruby-2.0.0-p0@rab-seed/gems/activerecord-4.0.0.rc1/lib/active_record/connection_adapters/abstract/connection_pool.rb&amp;line=265&amp;column=1">/gems/activerecord-4.0.0.rc1/lib/active_record/connection_adapters/abstract/connection_pool.rb:265:in `block in connection'</a>
  <a href="txmt://open?url=file:///Users/sboucher/.rvm/rubies/ruby-2.0.0-p0/lib/ruby/2.0.0/monitor.rb&amp;line=211&amp;column=1">/Users/sboucher/.rvm/rubies/ruby-2.0.0-p0/lib/ruby/2.0.0/monitor.rb:211:in `mon_synchronize'</a>
  <a href="txmt://open?url=file:///Users/sboucher/.rvm/gems/ruby-2.0.0-p0@rab-seed/gems/activerecord-4.0.0.rc1/lib/active_record/connection_adapters/abstract/connection_pool.rb&amp;line=264&amp;column=1">/gems/activerecord-4.0.0.rc1/lib/active_record/connection_adapters/abstract/connection_pool.rb:264:in `connection'</a>
  <a href="txmt://open?url=file:///Users/sboucher/.rvm/gems/ruby-2.0.0-p0@rab-seed/gems/activerecord-4.0.0.rc1/lib/active_record/connection_adapters/abstract/connection_pool.rb&amp;line=546&amp;column=1">/gems/activerecord-4.0.0.rc1/lib/active_record/connection_adapters/abstract/connection_pool.rb:546:in `retrieve_connection'</a>
  <a href="txmt://open?url=file:///Users/sboucher/.rvm/gems/ruby-2.0.0-p0@rab-seed/gems/activerecord-4.0.0.rc1/lib/active_record/connection_handling.rb&amp;line=79&amp;column=1">/gems/activerecord-4.0.0.rc1/lib/active_record/connection_handling.rb:79:in `retrieve_connection'</a>
  <a href="txmt://open?url=file:///Users/sboucher/.rvm/gems/ruby-2.0.0-p0@rab-seed/gems/activerecord-4.0.0.rc1/lib/active_record/connection_handling.rb&amp;line=53&amp;column=1">/gems/activerecord-4.0.0.rc1/lib/active_record/connection_handling.rb:53:in `connection'</a>
  <a href="txmt://open?url=file:///Users/sboucher/.rvm/gems/ruby-2.0.0-p0@rab-seed/gems/activerecord-4.0.0.rc1/lib/active_record/migration.rb&amp;line=775&amp;column=1">/gems/activerecord-4.0.0.rc1/lib/active_record/migration.rb:775:in `current_version'</a>
  <a href="txmt://open?url=file:///Users/sboucher/.rvm/gems/ruby-2.0.0-p0@rab-seed/gems/activerecord-4.0.0.rc1/lib/active_record/migration.rb&amp;line=783&amp;column=1">/gems/activerecord-4.0.0.rc1/lib/active_record/migration.rb:783:in `needs_migration?'</a>
  <a href="txmt://open?url=file:///Users/sboucher/.rvm/gems/ruby-2.0.0-p0@rab-seed/gems/activerecord-4.0.0.rc1/lib/active_record/migration.rb&amp;line=376&amp;column=1">/gems/activerecord-4.0.0.rc1/lib/active_record/migration.rb:376:in `check_pending!'</a>
  <a href="txmt://open?url=file:///Users/sboucher/.rvm/gems/ruby-2.0.0-p0@rab-seed/gems/activerecord-4.0.0.rc1/lib/active_record/migration.rb&amp;line=364&amp;column=1">/gems/activerecord-4.0.0.rc1/lib/active_record/migration.rb:364:in `block in call'</a>
  <a href="txmt://open?url=file:///Users/sboucher/.rvm/gems/ruby-2.0.0-p0@rab-seed/gems/activesupport-4.0.0.rc1/lib/active_support/logger_silence.rb&amp;line=16&amp;column=1">/gems/activesupport-4.0.0.rc1/lib/active_support/logger_silence.rb:16:in `silence'</a>
  <a href="txmt://open?url=file:///Users/sboucher/.rvm/gems/ruby-2.0.0-p0@rab-seed/gems/activerecord-4.0.0.rc1/lib/active_record/migration.rb&amp;line=363&amp;column=1">/gems/activerecord-4.0.0.rc1/lib/active_record/migration.rb:363:in `call'</a>
  <a href="txmt://open?url=file:///Users/sboucher/.rvm/gems/ruby-2.0.0-p0@rab-seed/gems/actionpack-4.0.0.rc1/lib/action_dispatch/middleware/callbacks.rb&amp;line=29&amp;column=1">/gems/actionpack-4.0.0.rc1/lib/action_dispatch/middleware/callbacks.rb:29:in `block in call'</a>
  <a href="txmt://open?url=file:///Users/sboucher/.rvm/gems/ruby-2.0.0-p0@rab-seed/gems/activesupport-4.0.0.rc1/lib/active_support/callbacks.rb&amp;line=392&amp;column=1">/gems/activesupport-4.0.0.rc1/lib/active_support/callbacks.rb:392:in `_run__4578763615748879998__call__callbacks'</a>
  <a href="txmt://open?url=file:///Users/sboucher/.rvm/gems/ruby-2.0.0-p0@rab-seed/gems/activesupport-4.0.0.rc1/lib/active_support/callbacks.rb&amp;line=80&amp;column=1">/gems/activesupport-4.0.0.rc1/lib/active_support/callbacks.rb:80:in `run_callbacks'</a>
  <a href="txmt://open?url=file:///Users/sboucher/.rvm/gems/ruby-2.0.0-p0@rab-seed/gems/actionpack-4.0.0.rc1/lib/action_dispatch/middleware/callbacks.rb&amp;line=27&amp;column=1">/gems/actionpack-4.0.0.rc1/lib/action_dispatch/middleware/callbacks.rb:27:in `call'</a>
  <a href="txmt://open?url=file:///Users/sboucher/.rvm/gems/ruby-2.0.0-p0@rab-seed/gems/actionpack-4.0.0.rc1/lib/action_dispatch/middleware/reloader.rb&amp;line=64&amp;column=1">/gems/actionpack-4.0.0.rc1/lib/action_dispatch/middleware/reloader.rb:64:in `call'</a>
  <a href="txmt://open?url=file:///Users/sboucher/.rvm/gems/ruby-2.0.0-p0@rab-seed/gems/actionpack-4.0.0.rc1/lib/action_dispatch/middleware/remote_ip.rb&amp;line=76&amp;column=1">/gems/actionpack-4.0.0.rc1/lib/action_dispatch/middleware/remote_ip.rb:76:in `call'</a>
  <a href="txmt://open?url=file:///Users/sboucher/.rvm/gems/ruby-2.0.0-p0@rab-seed/gems/actionpack-4.0.0.rc1/lib/action_dispatch/middleware/debug_exceptions.rb&amp;line=17&amp;column=1">/gems/actionpack-4.0.0.rc1/lib/action_dispatch/middleware/debug_exceptions.rb:17:in `call'</a>
  <a href="txmt://open?url=file:///Users/sboucher/.rvm/gems/ruby-2.0.0-p0@rab-seed/gems/actionpack-4.0.0.rc1/lib/action_dispatch/middleware/show_exceptions.rb&amp;line=30&amp;column=1">/gems/actionpack-4.0.0.rc1/lib/action_dispatch/middleware/show_exceptions.rb:30:in `call'</a>
  <a href="txmt://open?url=file:///Users/sboucher/.rvm/gems/ruby-2.0.0-p0@rab-seed/gems/railties-4.0.0.rc1/lib/rails/rack/logger.rb&amp;line=38&amp;column=1">/gems/railties-4.0.0.rc1/lib/rails/rack/logger.rb:38:in `call_app'</a>
  <a href="txmt://open?url=file:///Users/sboucher/.rvm/gems/ruby-2.0.0-p0@rab-seed/gems/railties-4.0.0.rc1/lib/rails/rack/logger.rb&amp;line=21&amp;column=1">/gems/railties-4.0.0.rc1/lib/rails/rack/logger.rb:21:in `block in call'</a>
  <a href="txmt://open?url=file:///Users/sboucher/.rvm/gems/ruby-2.0.0-p0@rab-seed/gems/activesupport-4.0.0.rc1/lib/active_support/tagged_logging.rb&amp;line=67&amp;column=1">/gems/activesupport-4.0.0.rc1/lib/active_support/tagged_logging.rb:67:in `block in tagged'</a>
  <a href="txmt://open?url=file:///Users/sboucher/.rvm/gems/ruby-2.0.0-p0@rab-seed/gems/activesupport-4.0.0.rc1/lib/active_support/tagged_logging.rb&amp;line=25&amp;column=1">/gems/activesupport-4.0.0.rc1/lib/active_support/tagged_logging.rb:25:in `tagged'</a>
  <a href="txmt://open?url=file:///Users/sboucher/.rvm/gems/ruby-2.0.0-p0@rab-seed/gems/activesupport-4.0.0.rc1/lib/active_support/tagged_logging.rb&amp;line=67&amp;column=1">/gems/activesupport-4.0.0.rc1/lib/active_support/tagged_logging.rb:67:in `tagged'</a>
  <a href="txmt://open?url=file:///Users/sboucher/.rvm/gems/ruby-2.0.0-p0@rab-seed/gems/railties-4.0.0.rc1/lib/rails/rack/logger.rb&amp;line=21&amp;column=1">/gems/railties-4.0.0.rc1/lib/rails/rack/logger.rb:21:in `call'</a>
  <a href="txmt://open?url=file:///Users/sboucher/.rvm/gems/ruby-2.0.0-p0@rab-seed/gems/actionpack-4.0.0.rc1/lib/action_dispatch/middleware/request_id.rb&amp;line=21&amp;column=1">/gems/actionpack-4.0.0.rc1/lib/action_dispatch/middleware/request_id.rb:21:in `call'</a>
  <a href="txmt://open?url=file:///Users/sboucher/.rvm/gems/ruby-2.0.0-p0@rab-seed/gems/rack-1.5.2/lib/rack/methodoverride.rb&amp;line=21&amp;column=1">/gems/rack-1.5.2/lib/rack/methodoverride.rb:21:in `call'</a>
  <a href="txmt://open?url=file:///Users/sboucher/.rvm/gems/ruby-2.0.0-p0@rab-seed/gems/rack-1.5.2/lib/rack/runtime.rb&amp;line=17&amp;column=1">/gems/rack-1.5.2/lib/rack/runtime.rb:17:in `call'</a>
  <a href="txmt://open?url=file:///Users/sboucher/.rvm/gems/ruby-2.0.0-p0@rab-seed/gems/activesupport-4.0.0.rc1/lib/active_support/cache/strategy/local_cache.rb&amp;line=83&amp;column=1">/gems/activesupport-4.0.0.rc1/lib/active_support/cache/strategy/local_cache.rb:83:in `call'</a>
  <a href="txmt://open?url=file:///Users/sboucher/.rvm/gems/ruby-2.0.0-p0@rab-seed/gems/rack-1.5.2/lib/rack/lock.rb&amp;line=17&amp;column=1">/gems/rack-1.5.2/lib/rack/lock.rb:17:in `call'</a>
  <a href="txmt://open?url=file:///Users/sboucher/.rvm/gems/ruby-2.0.0-p0@rab-seed/gems/actionpack-4.0.0.rc1/lib/action_dispatch/middleware/static.rb&amp;line=64&amp;column=1">/gems/actionpack-4.0.0.rc1/lib/action_dispatch/middleware/static.rb:64:in `call'</a>
  <a href="txmt://open?url=file:///Users/sboucher/.rvm/gems/ruby-2.0.0-p0@rab-seed/gems/rack-mini-profiler-0.1.26/Ruby/lib/mini_profiler/profiler.rb&amp;line=278&amp;column=1">/gems/rack-mini-profiler-0.1.26/Ruby/lib/mini_profiler/profiler.rb:278:in `call'</a>
  <a href="txmt://open?url=file:///Users/sboucher/.rvm/gems/ruby-2.0.0-p0@rab-seed/gems/railties-4.0.0.rc1/lib/rails/engine.rb&amp;line=511&amp;column=1">/gems/railties-4.0.0.rc1/lib/rails/engine.rb:511:in `call'</a>
  <a href="txmt://open?url=file:///Users/sboucher/.rvm/gems/ruby-2.0.0-p0@rab-seed/gems/railties-4.0.0.rc1/lib/rails/application.rb&amp;line=96&amp;column=1">/gems/railties-4.0.0.rc1/lib/rails/application.rb:96:in `call'</a>
  <a href="txmt://open?url=file:///Users/sboucher/.rvm/gems/ruby-2.0.0-p0@rab-seed/gems/rack-1.5.2/lib/rack/content_length.rb&amp;line=14&amp;column=1">/gems/rack-1.5.2/lib/rack/content_length.rb:14:in `call'</a>
  <a href="txmt://open?url=file:///Users/sboucher/.rvm/gems/ruby-2.0.0-p0@rab-seed/gems/thin-1.5.1/lib/thin/connection.rb&amp;line=81&amp;column=1">/gems/thin-1.5.1/lib/thin/connection.rb:81:in `block in pre_process'</a>
  <a href="txmt://open?url=file:///Users/sboucher/.rvm/gems/ruby-2.0.0-p0@rab-seed/gems/thin-1.5.1/lib/thin/connection.rb&amp;line=79&amp;column=1">/gems/thin-1.5.1/lib/thin/connection.rb:79:in `catch'</a>
  <a href="txmt://open?url=file:///Users/sboucher/.rvm/gems/ruby-2.0.0-p0@rab-seed/gems/thin-1.5.1/lib/thin/connection.rb&amp;line=79&amp;column=1">/gems/thin-1.5.1/lib/thin/connection.rb:79:in `pre_process'</a>
  <a href="txmt://open?url=file:///Users/sboucher/.rvm/gems/ruby-2.0.0-p0@rab-seed/gems/thin-1.5.1/lib/thin/connection.rb&amp;line=54&amp;column=1">/gems/thin-1.5.1/lib/thin/connection.rb:54:in `process'</a>
  <a href="txmt://open?url=file:///Users/sboucher/.rvm/gems/ruby-2.0.0-p0@rab-seed/gems/thin-1.5.1/lib/thin/connection.rb&amp;line=39&amp;column=1">/gems/thin-1.5.1/lib/thin/connection.rb:39:in `receive_data'</a>
  <a href="txmt://open?url=file:///Users/sboucher/.rvm/gems/ruby-2.0.0-p0@rab-seed/gems/eventmachine-1.0.3/lib/eventmachine.rb&amp;line=187&amp;column=1">/gems/eventmachine-1.0.3/lib/eventmachine.rb:187:in `run_machine'</a>
  <a href="txmt://open?url=file:///Users/sboucher/.rvm/gems/ruby-2.0.0-p0@rab-seed/gems/eventmachine-1.0.3/lib/eventmachine.rb&amp;line=187&amp;column=1">/gems/eventmachine-1.0.3/lib/eventmachine.rb:187:in `run'</a>
  <a href="txmt://open?url=file:///Users/sboucher/.rvm/gems/ruby-2.0.0-p0@rab-seed/gems/thin-1.5.1/lib/thin/backends/base.rb&amp;line=63&amp;column=1">/gems/thin-1.5.1/lib/thin/backends/base.rb:63:in `start'</a>
  <a href="txmt://open?url=file:///Users/sboucher/.rvm/gems/ruby-2.0.0-p0@rab-seed/gems/thin-1.5.1/lib/thin/server.rb&amp;line=159&amp;column=1">/gems/thin-1.5.1/lib/thin/server.rb:159:in `start'</a>
  <a href="txmt://open?url=file:///Users/sboucher/.rvm/gems/ruby-2.0.0-p0@rab-seed/gems/rack-1.5.2/lib/rack/handler/thin.rb&amp;line=16&amp;column=1">/gems/rack-1.5.2/lib/rack/handler/thin.rb:16:in `run'</a>
  <a href="txmt://open?url=file:///Users/sboucher/.rvm/gems/ruby-2.0.0-p0@rab-seed/gems/rack-1.5.2/lib/rack/server.rb&amp;line=264&amp;column=1">/gems/rack-1.5.2/lib/rack/server.rb:264:in `start'</a>
  <a href="txmt://open?url=file:///Users/sboucher/.rvm/gems/ruby-2.0.0-p0@rab-seed/gems/railties-4.0.0.rc1/lib/rails/commands/server.rb&amp;line=84&amp;column=1">/gems/railties-4.0.0.rc1/lib/rails/commands/server.rb:84:in `start'</a>
  <a href="txmt://open?url=file:///Users/sboucher/.rvm/gems/ruby-2.0.0-p0@rab-seed/gems/railties-4.0.0.rc1/lib/rails/commands.rb&amp;line=80&amp;column=1">/gems/railties-4.0.0.rc1/lib/rails/commands.rb:80:in `block in <top (required)>'</a>
  <a href="txmt://open?url=file:///Users/sboucher/.rvm/gems/ruby-2.0.0-p0@rab-seed/gems/railties-4.0.0.rc1/lib/rails/commands.rb&amp;line=75&amp;column=1">/gems/railties-4.0.0.rc1/lib/rails/commands.rb:75:in `tap'</a>
  <a href="txmt://open?url=file:///Users/sboucher/.rvm/gems/ruby-2.0.0-p0@rab-seed/gems/railties-4.0.0.rc1/lib/rails/commands.rb&amp;line=75&amp;column=1">/gems/railties-4.0.0.rc1/lib/rails/commands.rb:75:in `<top (required)>'</a>
  <a href="txmt://open?url=file://bin/rails&amp;line=4&amp;column=1">bin/rails:4:in `require'</a>
  <a href="txmt://open?url=file://bin/rails&amp;line=4&amp;column=1">bin/rails:4:in `<main>'</a>


  Rendered /Users/sboucher/.rvm/gems/ruby-2.0.0-p0@rab-seed/gems/actionpack-4.0.0.rc1/lib/action_dispatch/middleware/templates/rescues/_source.erb (1.0ms)
  Rendered /Users/sboucher/.rvm/gems/ruby-2.0.0-p0@rab-seed/gems/actionpack-4.0.0.rc1/lib/action_dispatch/middleware/templates/rescues/_trace.erb (1.8ms)
  Rendered /Users/sboucher/.rvm/gems/ruby-2.0.0-p0@rab-seed/gems/actionpack-4.0.0.rc1/lib/action_dispatch/middleware/templates/rescues/_request_and_response.erb (2.0ms)
  Rendered /Users/sboucher/.rvm/gems/ruby-2.0.0-p0@rab-seed/gems/actionpack-4.0.0.rc1/lib/action_dispatch/middleware/templates/rescues/diagnostics.erb within rescues/layout (37.7ms)


Started GET "/" for 127.0.0.1 at 2013-05-24 15:50:58 +0200
Processing by Rails::WelcomeController#index as HTML
  Rendered /Users/sboucher/.rvm/gems/ruby-2.0.0-p0@rab-seed/gems/railties-4.0.0.rc1/lib/rails/templates/rails/welcome/index.html.erb (1.2ms)
DEPRECATION WARNING: Hash#diff is no longer used inside of Rails, and is being deprecated with no replacement. If you're using it to compare hashes for the purpose of testing, please use MiniTest's assert_equal instead. (called from require at bin/rails:4)
DEPRECATION WARNING: Hash#diff is no longer used inside of Rails, and is being deprecated with no replacement. If you're using it to compare hashes for the purpose of testing, please use MiniTest's assert_equal instead. (called from require at bin/rails:4)
DEPRECATION WARNING: Hash#diff is no longer used inside of Rails, and is being deprecated with no replacement. If you're using it to compare hashes for the purpose of testing, please use MiniTest's assert_equal instead. (called from require at bin/rails:4)
DEPRECATION WARNING: Hash#diff is no longer used inside of Rails, and is being deprecated with no replacement. If you're using it to compare hashes for the purpose of testing, please use MiniTest's assert_equal instead. (called from require at bin/rails:4)
DEPRECATION WARNING: Hash#diff is no longer used inside of Rails, and is being deprecated with no replacement. If you're using it to compare hashes for the purpose of testing, please use MiniTest's assert_equal instead. (called from require at bin/rails:4)
DEPRECATION WARNING: Hash#diff is no longer used inside of Rails, and is being deprecated with no replacement. If you're using it to compare hashes for the purpose of testing, please use MiniTest's assert_equal instead. (called from require at bin/rails:4)
DEPRECATION WARNING: Hash#diff is no longer used inside of Rails, and is being deprecated with no replacement. If you're using it to compare hashes for the purpose of testing, please use MiniTest's assert_equal instead. (called from require at bin/rails:4)
DEPRECATION WARNING: Hash#diff is no longer used inside of Rails, and is being deprecated with no replacement. If you're using it to compare hashes for the purpose of testing, please use MiniTest's assert_equal instead. (called from require at bin/rails:4)
DEPRECATION WARNING: Hash#diff is no longer used inside of Rails, and is being deprecated with no replacement. If you're using it to compare hashes for the purpose of testing, please use MiniTest's assert_equal instead. (called from require at bin/rails:4)
DEPRECATION WARNING: Hash#diff is no longer used inside of Rails, and is being deprecated with no replacement. If you're using it to compare hashes for the purpose of testing, please use MiniTest's assert_equal instead. (called from require at bin/rails:4)
Completed 200 OK in 56ms (Views: 4.2ms | ActiveRecord: 0.0ms)
